<?xml version="1.0" encoding="UTF-8"?>
<coverage generated="1659586131448" clover="3.2.0">
  <project timestamp="1659586131448" name="All files">
    <metrics statements="24" coveredstatements="19" conditionals="8" coveredconditionals="8" methods="3" coveredmethods="2" elements="35" coveredelements="29" complexity="0" loc="24" ncloc="24" packages="1" files="1" classes="1"/>
    <file name="validator.js" path="C:\Users\bertha_janeth\Documents\GitHub\CDMX013-card-validation\src\validator.js">
      <metrics statements="24" coveredstatements="19" conditionals="8" coveredconditionals="8" methods="3" coveredmethods="2"/>
      <line num="1" count="1" type="stmt"/>
      <line num="6" count="3" type="stmt"/>
      <line num="8" count="3" type="stmt"/>
      <line num="10" count="34" type="cond" truecount="2" falsecount="0"/>
      <line num="11" count="16" type="stmt"/>
      <line num="14" count="16" type="cond" truecount="2" falsecount="0"/>
      <line num="15" count="8" type="stmt"/>
      <line num="25" count="3" type="stmt"/>
      <line num="27" count="3" type="stmt"/>
      <line num="28" count="31" type="stmt"/>
      <line num="29" count="31" type="stmt"/>
      <line num="32" count="3" type="stmt"/>
      <line num="34" count="3" type="cond" truecount="2" falsecount="0"/>
      <line num="36" count="2" type="stmt"/>
      <line num="39" count="1" type="stmt"/>
      <line num="47" count="3" type="stmt"/>
      <line num="49" count="3" type="stmt"/>
      <line num="51" count="3" type="cond" truecount="2" falsecount="0"/>
      <line num="52" count="3" type="stmt"/>
      <line num="53" count="0" type="stmt"/>
      <line num="54" count="0" type="stmt"/>
      <line num="57" count="0" type="stmt"/>
      <line num="58" count="0" type="stmt"/>
      <line num="61" count="0" type="stmt"/>
    </file>
  </project>
</coverage>
