{"C:\\Users\\bertha_janeth\\Documents\\GitHub\\CDMX013-card-validation\\src\\validator.js": {"path":"C:\\Users\\bertha_janeth\\Documents\\GitHub\\CDMX013-card-validation\\src\\validator.js","statementMap":{"0":{"start":{"line":1,"column":18},"end":{"line":65,"column":1}},"1":{"start":{"line":6,"column":14},"end":{"line":6,"column":46}},"2":{"start":{"line":8,"column":4},"end":{"line":23,"column":5}},"3":{"start":{"line":8,"column":15},"end":{"line":8,"column":16}},"4":{"start":{"line":10,"column":6},"end":{"line":21,"column":7}},"5":{"start":{"line":11,"column":8},"end":{"line":11,"column":32}},"6":{"start":{"line":14,"column":8},"end":{"line":19,"column":9}},"7":{"start":{"line":15,"column":10},"end":{"line":15,"column":96}},"8":{"start":{"line":25,"column":14},"end":{"line":25,"column":15}},"9":{"start":{"line":27,"column":4},"end":{"line":30,"column":5}},"10":{"start":{"line":27,"column":15},"end":{"line":27,"column":16}},"11":{"start":{"line":28,"column":6},"end":{"line":28,"column":32}},"12":{"start":{"line":29,"column":6},"end":{"line":29,"column":23}},"13":{"start":{"line":32,"column":4},"end":{"line":32,"column":23}},"14":{"start":{"line":34,"column":4},"end":{"line":40,"column":5}},"15":{"start":{"line":36,"column":6},"end":{"line":36,"column":17}},"16":{"start":{"line":39,"column":6},"end":{"line":39,"column":18}},"17":{"start":{"line":47,"column":26},"end":{"line":47,"column":54}},"18":{"start":{"line":49,"column":25},"end":{"line":49,"column":49}},"19":{"start":{"line":51,"column":6},"end":{"line":51,"column":92}},"20":{"start":{"line":51,"column":29},"end":{"line":51,"column":92}},"21":{"start":{"line":52,"column":6},"end":{"line":52,"column":103}},"22":{"start":{"line":53,"column":6},"end":{"line":55,"column":15}},"23":{"start":{"line":54,"column":8},"end":{"line":54,"column":58}},"24":{"start":{"line":57,"column":6},"end":{"line":59,"column":7}},"25":{"start":{"line":57,"column":19},"end":{"line":57,"column":20}},"26":{"start":{"line":58,"column":10},"end":{"line":58,"column":33}},"27":{"start":{"line":61,"column":6},"end":{"line":61,"column":36}}},"fnMap":{"0":{"name":"(anonymous_0)","decl":{"start":{"line":4,"column":11},"end":{"line":4,"column":12}},"loc":{"start":{"line":4,"column":31},"end":{"line":42,"column":1}},"line":4},"1":{"name":"(anonymous_1)","decl":{"start":{"line":44,"column":12},"end":{"line":44,"column":13}},"loc":{"start":{"line":44,"column":38},"end":{"line":62,"column":3}},"line":44},"2":{"name":"(anonymous_2)","decl":{"start":{"line":53,"column":17},"end":{"line":53,"column":18}},"loc":{"start":{"line":53,"column":23},"end":{"line":55,"column":7}},"line":53}},"branchMap":{"0":{"loc":{"start":{"line":10,"column":6},"end":{"line":21,"column":7}},"type":"if","locations":[{"start":{"line":10,"column":6},"end":{"line":21,"column":7}},{"start":{},"end":{}}],"line":10},"1":{"loc":{"start":{"line":14,"column":8},"end":{"line":19,"column":9}},"type":"if","locations":[{"start":{"line":14,"column":8},"end":{"line":19,"column":9}},{"start":{},"end":{}}],"line":14},"2":{"loc":{"start":{"line":34,"column":4},"end":{"line":40,"column":5}},"type":"if","locations":[{"start":{"line":34,"column":4},"end":{"line":40,"column":5}},{"start":{"line":37,"column":9},"end":{"line":40,"column":5}}],"line":34},"3":{"loc":{"start":{"line":51,"column":6},"end":{"line":51,"column":92}},"type":"if","locations":[{"start":{"line":51,"column":6},"end":{"line":51,"column":92}},{"start":{},"end":{}}],"line":51}},"s":{"0":1,"1":3,"2":3,"3":3,"4":34,"5":16,"6":16,"7":8,"8":3,"9":3,"10":3,"11":31,"12":31,"13":3,"14":3,"15":2,"16":1,"17":3,"18":3,"19":3,"20":1,"21":3,"22":0,"23":0,"24":0,"25":0,"26":0,"27":0},"f":{"0":3,"1":3,"2":0},"b":{"0":[16,18],"1":[8,8],"2":[2,1],"3":[1,2]},"_coverageSchema":"1a1c01bbd47fc00a2c39e90264f33305004495a9","hash":"2edabf05cc3bcb60c59a31c477671d2dd7f9a450"}
}
