TN:
SF:src\validator.js
FN:4,(anonymous_0)
FN:44,(anonymous_1)
FN:53,(anonymous_2)
FNF:3
FNH:2
FNDA:3,(anonymous_0)
FNDA:3,(anonymous_1)
FNDA:0,(anonymous_2)
DA:1,1
DA:6,3
DA:8,3
DA:10,34
DA:11,16
DA:14,16
DA:15,8
DA:25,3
DA:27,3
DA:28,31
DA:29,31
DA:32,3
DA:34,3
DA:36,2
DA:39,1
DA:47,3
DA:49,3
DA:51,3
DA:52,3
DA:53,0
DA:54,0
DA:57,0
DA:58,0
DA:61,0
LF:24
LH:19
BRDA:10,0,0,16
BRDA:10,0,1,18
BRDA:14,1,0,8
BRDA:14,1,1,8
BRDA:34,2,0,2
BRDA:34,2,1,1
BRDA:51,3,0,1
BRDA:51,3,1,2
BRF:8
BRH:8
end_of_record
